2022-08-06 19:59:35:5935 [31merror[39m: [31mThis is an error log[39m
2022-08-06 19:59:35:5935 [33mwarn[39m: [33mThis is a warn log[39m
2022-08-06 19:59:35:5935 [32minfo[39m: [32mThis is a info log[39m
2022-08-06 19:59:35:5935 [35mhttp[39m: [35mThis is a http log[39m
2022-08-06 19:59:35:5935 [37mdebug[39m: [37mThis is a debug log[39m
2022-08-06 20:00:07:07 [31merror[39m: [31mThis is an error log[39m
2022-08-06 20:00:07:07 [33mwarn[39m: [33mThis is a warn log[39m
2022-08-06 20:00:07:07 [32minfo[39m: [32mThis is a info log[39m
2022-08-06 20:00:07:07 [35mhttp[39m: [35mThis is a http log[39m
2022-08-06 20:00:07:07 [37mdebug[39m: [37mThis is a debug log[39m
2022-08-06 20:00:38:038 [32minfo[39m: [32m[[39m
[32m  {},[39m
[32m  {[39m
[32m    title: '보고서 자동화 서비스',[39m
[32m    link: 'https://botstore.raiid.ai/ords/r/mon/ai/%EC%84%9C%EB%B9%84%EC%8A%A4?p2_code=1010&session=710828797197532&cs=1L1bcfU6zu1rk2X54fSrOnuYMuvkb2vOEz4uCobRqy3Y548YbY_6h5iZ8Gv1jWEVn3QR_pJILzIrET3PH9CpA1w',[39m
[32m    img: 'https://botstore.raiid.ai/ords/mon/raiid/image/1010'[39m
[32m  },[39m
[32m  {[39m
[32m    title: '키워드 광고 자동화 봇',[39m
[32m    link: 'https://botstore.raiid.ai/ords/r/mon/ai/%EC%84%9C%EB%B9%84%EC%8A%A4?p2_code=110&session=710828797197532&cs=1i87Ei41KeuPgbf83rnASU_rMxc4N1sFrj76OowS0fpXLVxAN7t150J4lj1Bv7PPbpBxxNBbttvDZn2v75SFkAQ',[39m
[32m    img: 'https://botstore.raiid.ai/ords/mon/raiid/image/110'[39m
[32m  },[39m
[32m  {[39m
[32m    title: 'SNS Insight Data 분석 봇',[39m
[32m    link: 'https://botstore.raiid.ai/ords/r/mon/ai/%EC%84%9C%EB%B9%84%EC%8A%A4?p2_code=160&session=710828797197532&cs=1kJ-M9AjvONGkTXRQ3eltiYpfCqlCnbJ8UFYpEGLt6AMkwaJdBRar6I47fCatEV9a7zgwjyCWUerSZ8mePSmMZA',[39m
[32m    img: 'https://botstore.raiid.ai/ords/mon/raiid/image/160'[39m
[32m  },[39m
[32m  {[39m
[32m    title: '리퍼럴(추천) 마케팅 봇',[39m
[32m    link: 'https://botstore.raiid.ai/ords/r/mon/ai/%EC%84%9C%EB%B9%84%EC%8A%A4?p2_code=170&session=710828797197532&cs=1cyJDSJCJIt1np8ae5Uud2Fo64v-fnQkYzsfzKO4SzZXQD5LGr6IM4HMywsgvRUsmSDIftf4y89qPp55wWiyJGg',[39m
[32m    img: 'https://botstore.raiid.ai/ords/mon/raiid/image/170'[39m
[32m  }[39m
[32m][39m
2022-08-06 20:01:28:128 [31merror[39m: [31m[ {} ][39m
2022-08-06 20:01:28:128 [31merror[39m: [31m[[39m
[31m  {},[39m
[31m  {[39m
[31m    title: '보고서 자동화 서비스',[39m
[31m    link: 'https://botstore.raiid.ai/ords/r/mon/ai/%EC%84%9C%EB%B9%84%EC%8A%A4?p2_code=1010&session=715959046702368&cs=1L1bcfU6zu1rk2X54fSrOnuYMuvkb2vOEz4uCobRqy3Y548YbY_6h5iZ8Gv1jWEVn3QR_pJILzIrET3PH9CpA1w',[39m
[31m    img: 'https://botstore.raiid.ai/ords/mon/raiid/image/1010'[39m
[31m  }[39m
[31m][39m
2022-08-06 20:01:28:128 [31merror[39m: [31m[[39m
[31m  {},[39m
[31m  {[39m
[31m    title: '보고서 자동화 서비스',[39m
[31m    link: 'https://botstore.raiid.ai/ords/r/mon/ai/%EC%84%9C%EB%B9%84%EC%8A%A4?p2_code=1010&session=715959046702368&cs=1L1bcfU6zu1rk2X54fSrOnuYMuvkb2vOEz4uCobRqy3Y548YbY_6h5iZ8Gv1jWEVn3QR_pJILzIrET3PH9CpA1w',[39m
[31m    img: 'https://botstore.raiid.ai/ords/mon/raiid/image/1010'[39m
[31m  },[39m
[31m  {[39m
[31m    title: '키워드 광고 자동화 봇',[39m
[31m    link: 'https://botstore.raiid.ai/ords/r/mon/ai/%EC%84%9C%EB%B9%84%EC%8A%A4?p2_code=110&session=715959046702368&cs=1i87Ei41KeuPgbf83rnASU_rMxc4N1sFrj76OowS0fpXLVxAN7t150J4lj1Bv7PPbpBxxNBbttvDZn2v75SFkAQ',[39m
[31m    img: 'https://botstore.raiid.ai/ords/mon/raiid/image/110'[39m
[31m  }[39m
[31m][39m
2022-08-06 20:01:28:128 [31merror[39m: [31m[[39m
[31m  {},[39m
[31m  {[39m
[31m    title: '보고서 자동화 서비스',[39m
[31m    link: 'https://botstore.raiid.ai/ords/r/mon/ai/%EC%84%9C%EB%B9%84%EC%8A%A4?p2_code=1010&session=715959046702368&cs=1L1bcfU6zu1rk2X54fSrOnuYMuvkb2vOEz4uCobRqy3Y548YbY_6h5iZ8Gv1jWEVn3QR_pJILzIrET3PH9CpA1w',[39m
[31m    img: 'https://botstore.raiid.ai/ords/mon/raiid/image/1010'[39m
[31m  },[39m
[31m  {[39m
[31m    title: '키워드 광고 자동화 봇',[39m
[31m    link: 'https://botstore.raiid.ai/ords/r/mon/ai/%EC%84%9C%EB%B9%84%EC%8A%A4?p2_code=110&session=715959046702368&cs=1i87Ei41KeuPgbf83rnASU_rMxc4N1sFrj76OowS0fpXLVxAN7t150J4lj1Bv7PPbpBxxNBbttvDZn2v75SFkAQ',[39m
[31m    img: 'https://botstore.raiid.ai/ords/mon/raiid/image/110'[39m
[31m  },[39m
[31m  {[39m
[31m    title: 'SNS Insight Data 분석 봇',[39m
[31m    link: 'https://botstore.raiid.ai/ords/r/mon/ai/%EC%84%9C%EB%B9%84%EC%8A%A4?p2_code=160&session=715959046702368&cs=1kJ-M9AjvONGkTXRQ3eltiYpfCqlCnbJ8UFYpEGLt6AMkwaJdBRar6I47fCatEV9a7zgwjyCWUerSZ8mePSmMZA',[39m
[31m    img: 'https://botstore.raiid.ai/ords/mon/raiid/image/160'[39m
[31m  }[39m
[31m][39m
2022-08-06 20:01:28:128 [32minfo[39m: [32m[[39m
[32m  {},[39m
[32m  {[39m
[32m    title: '보고서 자동화 서비스',[39m
[32m    link: 'https://botstore.raiid.ai/ords/r/mon/ai/%EC%84%9C%EB%B9%84%EC%8A%A4?p2_code=1010&session=715959046702368&cs=1L1bcfU6zu1rk2X54fSrOnuYMuvkb2vOEz4uCobRqy3Y548YbY_6h5iZ8Gv1jWEVn3QR_pJILzIrET3PH9CpA1w',[39m
[32m    img: 'https://botstore.raiid.ai/ords/mon/raiid/image/1010'[39m
[32m  },[39m
[32m  {[39m
[32m    title: '키워드 광고 자동화 봇',[39m
[32m    link: 'https://botstore.raiid.ai/ords/r/mon/ai/%EC%84%9C%EB%B9%84%EC%8A%A4?p2_code=110&session=715959046702368&cs=1i87Ei41KeuPgbf83rnASU_rMxc4N1sFrj76OowS0fpXLVxAN7t150J4lj1Bv7PPbpBxxNBbttvDZn2v75SFkAQ',[39m
[32m    img: 'https://botstore.raiid.ai/ords/mon/raiid/image/110'[39m
[32m  },[39m
[32m  {[39m
[32m    title: 'SNS Insight Data 분석 봇',[39m
[32m    link: 'https://botstore.raiid.ai/ords/r/mon/ai/%EC%84%9C%EB%B9%84%EC%8A%A4?p2_code=160&session=715959046702368&cs=1kJ-M9AjvONGkTXRQ3eltiYpfCqlCnbJ8UFYpEGLt6AMkwaJdBRar6I47fCatEV9a7zgwjyCWUerSZ8mePSmMZA',[39m
[32m    img: 'https://botstore.raiid.ai/ords/mon/raiid/image/160'[39m
[32m  },[39m
[32m  {[39m
[32m    title: '리퍼럴(추천) 마케팅 봇',[39m
[32m    link: 'https://botstore.raiid.ai/ords/r/mon/ai/%EC%84%9C%EB%B9%84%EC%8A%A4?p2_code=170&session=715959046702368&cs=1cyJDSJCJIt1np8ae5Uud2Fo64v-fnQkYzsfzKO4SzZXQD5LGr6IM4HMywsgvRUsmSDIftf4y89qPp55wWiyJGg',[39m
[32m    img: 'https://botstore.raiid.ai/ords/mon/raiid/image/170'[39m
[32m  }[39m
[32m][39m
2022-08-06 20:42:22:4222 [32minfo[39m: [32m1659786142246[39m
2022-08-06 20:43:19:4319 [32minfo[39m: [32m1659786199128[39m
2022-08-06 20:45:20:4520 [32minfo[39m: [32m1659786320685[39m
2022-08-06 21:04:16:416 [35mhttp[39m: [35mGET / 304 - - 4.153 ms[39m
[35m[39m
2022-08-06 21:04:16:416 [35mhttp[39m: [35mGET /favicon.ico 404 150 - 3.499 ms[39m
[35m[39m
2022-08-06 21:04:24:424 [35mhttp[39m: [35mGET / 304 - - 0.828 ms[39m
[35m[39m
2022-08-06 21:04:54:454 [35mhttp[39m: [35mGET / 304 - - 0.398 ms[39m
[35m[39m
2022-08-06 21:05:12:512 [35mhttp[39m: [35mGET / 304 - - 2.774 ms[39m
[35m[39m
